<?xml version="1.0" encoding="UTF-8"?>
<testng-results ignored="0" total="3" passed="3" failed="0" skipped="0">
  <reporter-output>
  </reporter-output>
  <suite started-at="2022-10-15T19:46:54 CDT" name="Default suite" finished-at="2022-10-15T19:47:13 CDT" duration-ms="19193">
    <groups>
    </groups>
    <test started-at="2022-10-15T19:46:54 CDT" name="Default test" finished-at="2022-10-15T19:47:13 CDT" duration-ms="19193">
      <class name="Alert.JsAlert">
        <test-method is-config="true" signature="launchBrowser()[pri:0, instance:Alert.JsAlert@2df9b86]" started-at="2022-10-15T19:46:54 CDT" name="launchBrowser" finished-at="2022-10-15T19:46:57 CDT" duration-ms="2587" status="PASS">
          <reporter-output>
          </reporter-output>
        </test-method> <!-- launchBrowser -->
        <test-method signature="checkToJsComfirm()[pri:1, instance:Alert.JsAlert@2df9b86]" started-at="2022-10-15T19:46:57 CDT" name="checkToJsComfirm" finished-at="2022-10-15T19:46:57 CDT" duration-ms="140" status="PASS">
          <reporter-output>
          </reporter-output>
        </test-method> <!-- checkToJsComfirm -->
        <test-method signature="checkAlert()[pri:2, instance:Alert.JsAlert@2df9b86]" started-at="2022-10-15T19:46:57 CDT" name="checkAlert" finished-at="2022-10-15T19:46:57 CDT" duration-ms="55" status="PASS">
          <reporter-output>
          </reporter-output>
        </test-method> <!-- checkAlert -->
        <test-method signature="checkToJsPrompt()[pri:3, instance:Alert.JsAlert@2df9b86]" started-at="2022-10-15T19:46:57 CDT" name="checkToJsPrompt" finished-at="2022-10-15T19:46:57 CDT" duration-ms="54" status="PASS">
          <reporter-output>
          </reporter-output>
        </test-method> <!-- checkToJsPrompt -->
        <test-method is-config="true" signature="tearDown()[pri:0, instance:Alert.JsAlert@2df9b86]" started-at="2022-10-15T19:46:57 CDT" name="tearDown" finished-at="2022-10-15T19:47:13 CDT" duration-ms="16332" status="PASS">
          <reporter-output>
          </reporter-output>
        </test-method> <!-- tearDown -->
      </class> <!-- Alert.JsAlert -->
    </test> <!-- Default test -->
  </suite> <!-- Default suite -->
</testng-results>
