<?xml version="1.0" encoding="UTF-8"?>
<testng-results ignored="0" total="1" passed="1" failed="0" skipped="0">
  <reporter-output>
  </reporter-output>
  <suite started-at="2022-10-15T19:41:58 CDT" name="Default suite" finished-at="2022-10-15T19:42:01 CDT" duration-ms="2831">
    <groups>
    </groups>
    <test started-at="2022-10-15T19:41:58 CDT" name="Default test" finished-at="2022-10-15T19:42:01 CDT" duration-ms="2831">
      <class name="window.NewWindow">
        <test-method is-config="true" signature="launchBrowser()[pri:0, instance:window.NewWindow@212b5695]" started-at="2022-10-15T19:41:58 CDT" name="launchBrowser" finished-at="2022-10-15T19:42:01 CDT" duration-ms="2398" status="PASS">
          <reporter-output>
          </reporter-output>
        </test-method> <!-- launchBrowser -->
        <test-method signature="newWindowChech()[pri:0, instance:window.NewWindow@212b5695]" started-at="2022-10-15T19:42:01 CDT" name="newWindowChech" finished-at="2022-10-15T19:42:01 CDT" duration-ms="403" status="PASS">
          <reporter-output>
          </reporter-output>
        </test-method> <!-- newWindowChech -->
      </class> <!-- window.NewWindow -->
    </test> <!-- Default test -->
  </suite> <!-- Default suite -->
</testng-results>
