<?xml version="1.0" encoding="UTF-8"?>
<testng-results ignored="0" total="1" passed="1" failed="0" skipped="0">
  <reporter-output>
  </reporter-output>
  <suite started-at="2022-10-13T18:52:24 CDT" name="Default suite" finished-at="2022-10-13T18:52:27 CDT" duration-ms="2651">
    <groups>
    </groups>
    <test started-at="2022-10-13T18:52:24 CDT" name="Default test" finished-at="2022-10-13T18:52:27 CDT" duration-ms="2651">
      <class name="Util.BrowserFactory">
        <test-method is-config="true" signature="launchBrowser()[pri:0, instance:Util.BrowserFactory@212b5695]" started-at="2022-10-13T18:52:24 CDT" name="launchBrowser" finished-at="2022-10-13T18:52:27 CDT" duration-ms="2434" status="PASS">
          <reporter-output>
          </reporter-output>
        </test-method> <!-- launchBrowser -->
        <test-method signature="seleDropDown()[pri:0, instance:Util.BrowserFactory@212b5695]" started-at="2022-10-13T18:52:27 CDT" name="seleDropDown" finished-at="2022-10-13T18:52:27 CDT" duration-ms="139" status="PASS">
          <reporter-output>
          </reporter-output>
        </test-method> <!-- seleDropDown -->
      </class> <!-- Util.BrowserFactory -->
    </test> <!-- Default test -->
  </suite> <!-- Default suite -->
</testng-results>
