<?xml version="1.0" encoding="UTF-8"?>
<testng-results ignored="0" total="1" passed="1" failed="0" skipped="0">
  <reporter-output>
  </reporter-output>
  <suite started-at="2022-10-13T18:30:24 CDT" name="Default suite" finished-at="2022-10-13T18:30:35 CDT" duration-ms="10842">
    <groups>
    </groups>
    <test started-at="2022-10-13T18:30:24 CDT" name="Default test" finished-at="2022-10-13T18:30:35 CDT" duration-ms="10842">
      <class name="Util.BrowserFactory">
        <test-method is-config="true" signature="launchBrowser()[pri:0, instance:Util.BrowserFactory@3514a4c0]" started-at="2022-10-13T18:30:24 CDT" name="launchBrowser" finished-at="2022-10-13T18:30:27 CDT" duration-ms="2284" status="PASS">
          <reporter-output>
          </reporter-output>
        </test-method> <!-- launchBrowser -->
        <test-method signature="drageAndDob()[pri:0, instance:Util.BrowserFactory@3514a4c0]" started-at="2022-10-13T18:30:27 CDT" name="drageAndDob" finished-at="2022-10-13T18:30:35 CDT" duration-ms="8533" status="PASS">
          <reporter-output>
          </reporter-output>
        </test-method> <!-- drageAndDob -->
      </class> <!-- Util.BrowserFactory -->
    </test> <!-- Default test -->
  </suite> <!-- Default suite -->
</testng-results>
