<?xml version="1.0" encoding="UTF-8"?>
<testng-results ignored="0" total="1" passed="1" failed="0" skipped="0">
  <reporter-output>
  </reporter-output>
  <suite started-at="2022-10-15T20:13:08 CDT" name="Default suite" finished-at="2022-10-15T20:13:11 CDT" duration-ms="2783">
    <groups>
    </groups>
    <test started-at="2022-10-15T20:13:08 CDT" name="Default test" finished-at="2022-10-15T20:13:11 CDT" duration-ms="2783">
      <class name="Hover.Hover">
        <test-method is-config="true" signature="launchBrowser()[pri:0, instance:Hover.Hover@212b5695]" started-at="2022-10-15T20:13:08 CDT" name="launchBrowser" finished-at="2022-10-15T20:13:11 CDT" duration-ms="2182" status="PASS">
          <reporter-output>
          </reporter-output>
        </test-method> <!-- launchBrowser -->
        <test-method signature="checkTheBoxes()[pri:0, instance:Hover.Hover@212b5695]" started-at="2022-10-15T20:13:11 CDT" name="checkTheBoxes" finished-at="2022-10-15T20:13:11 CDT" duration-ms="564" status="PASS">
          <reporter-output>
          </reporter-output>
        </test-method> <!-- checkTheBoxes -->
      </class> <!-- Hover.Hover -->
    </test> <!-- Default test -->
  </suite> <!-- Default suite -->
</testng-results>
