<?xml version="1.0" encoding="UTF-8"?>
<!-- Generated by org.testng.reporters.JUnitXMLReporter -->
<testsuite ignored="0" hostname="DESKTOP-L05GFEH" failures="0" tests="3" name="Default test" time="19.193" errors="0" timestamp="2022-10-15T19:47:13 CDT">
  <testcase classname="Alert.JsAlert" name="checkToJsComfirm" time="0.14"/>
  <testcase classname="Alert.JsAlert" name="checkAlert" time="0.055"/>
  <testcase classname="Alert.JsAlert" name="checkToJsPrompt" time="0.054"/>
</testsuite> <!-- Default test -->
