<?xml version="1.0" encoding="UTF-8"?>
<testng-results ignored="0" total="1" passed="1" failed="0" skipped="0">
  <reporter-output>
  </reporter-output>
  <suite started-at="2022-10-15T19:15:00 CDT" name="Default suite" finished-at="2022-10-15T19:15:29 CDT" duration-ms="28619">
    <groups>
    </groups>
    <test started-at="2022-10-15T19:15:00 CDT" name="Default test" finished-at="2022-10-15T19:15:29 CDT" duration-ms="28619">
      <class name="Notification.Notifications">
        <test-method is-config="true" signature="launchBrowser()[pri:0, instance:Notification.Notifications@69997e9d]" started-at="2022-10-15T19:15:00 CDT" name="launchBrowser" finished-at="2022-10-15T19:15:06 CDT" duration-ms="5691" status="PASS">
          <reporter-output>
          </reporter-output>
        </test-method> <!-- launchBrowser -->
        <test-method signature="clickTonotification()[pri:0, instance:Notification.Notifications@69997e9d]" started-at="2022-10-15T19:15:06 CDT" name="clickTonotification" finished-at="2022-10-15T19:15:27 CDT" duration-ms="21719" status="PASS">
          <reporter-output>
          </reporter-output>
        </test-method> <!-- clickTonotification -->
        <test-method is-config="true" signature="tearDown()[pri:0, instance:Notification.Notifications@69997e9d]" started-at="2022-10-15T19:15:28 CDT" name="tearDown" finished-at="2022-10-15T19:15:29 CDT" duration-ms="1159" status="PASS">
          <reporter-output>
          </reporter-output>
        </test-method> <!-- tearDown -->
      </class> <!-- Notification.Notifications -->
    </test> <!-- Default test -->
  </suite> <!-- Default suite -->
</testng-results>
