<?xml version="1.0" encoding="UTF-8"?>
<testng-results ignored="0" total="2" passed="2" failed="0" skipped="0">
  <reporter-output>
  </reporter-output>
  <suite started-at="2022-10-13T13:44:02 CDT" name="Default suite" finished-at="2022-10-13T13:44:05 CDT" duration-ms="3160">
    <groups>
    </groups>
    <test started-at="2022-10-13T13:44:02 CDT" name="Default test" finished-at="2022-10-13T13:44:05 CDT" duration-ms="3160">
      <class name="util.BrowserFactory">
        <test-method is-config="true" signature="launchBrowser()[pri:0, instance:util.BrowserFactory@3514a4c0]" started-at="2022-10-13T13:44:02 CDT" name="launchBrowser" finished-at="2022-10-13T13:44:04 CDT" duration-ms="2626" status="PASS">
          <reporter-output>
          </reporter-output>
        </test-method> <!-- launchBrowser -->
        <test-method signature="checkTheBoxes()[pri:0, instance:util.BrowserFactory@3514a4c0]" started-at="2022-10-13T13:44:04 CDT" name="checkTheBoxes" finished-at="2022-10-13T13:44:05 CDT" duration-ms="155" status="PASS">
          <reporter-output>
          </reporter-output>
        </test-method> <!-- checkTheBoxes -->
        <test-method signature="tearDown()[pri:0, instance:util.BrowserFactory@3514a4c0]" started-at="2022-10-13T13:44:05 CDT" name="tearDown" finished-at="2022-10-13T13:44:05 CDT" duration-ms="336" status="PASS">
          <reporter-output>
          </reporter-output>
        </test-method> <!-- tearDown -->
      </class> <!-- util.BrowserFactory -->
    </test> <!-- Default test -->
  </suite> <!-- Default suite -->
</testng-results>
